#-----------------------------------------------------------
# Vivado v2017.4 (64-bit)
# SW Build 2086221 on Fri Dec 15 20:55:39 MST 2017
# IP Build 2085800 on Fri Dec 15 22:25:07 MST 2017
# Start of session at: Tue May 31 10:24:43 2022
# Process ID: 8712
# Current directory: C:/Users/Clover/Desktop/CPU-uart
# Command line: vivado.exe -gui_launcher_event rodinguilauncherevent53816 C:\Users\Clover\Desktop\CPU-uart\CPU.xpr
# Log file: C:/Users/Clover/Desktop/CPU-uart/vivado.log
# Journal file: C:/Users/Clover/Desktop/CPU-uart\vivado.jou
#-----------------------------------------------------------
start_gui
open_project C:/Users/Clover/Desktop/CPU-uart/CPU.xpr
INFO: [Project 1-313] Project file moved from 'D:/Files/Codes/Verilog/CPU-uart' since last save.
Scanning sources...
Finished scanning sources
INFO: [IP_Flow 19-234] Refreshing IP repositories
INFO: [IP_Flow 19-1700] Loaded user IP repository 'c:/Users/Clover/Desktop/CPU-uart/ipcore'.
INFO: [IP_Flow 19-2313] Loaded Vivado IP repository 'C:/Xilinx/Vivado/2017.4/data/ip'.
open_project: Time (s): cpu = 00:00:16 ; elapsed = 00:00:10 . Memory (MB): peak = 776.609 ; gain = 75.375
update_compile_order -fileset sources_1
open_hw
connect_hw_server
INFO: [Labtools 27-2285] Connecting to hw_server url TCP:localhost:3121
INFO: [Labtools 27-2222] Launching hw_server...
INFO: [Labtools 27-2221] Launch Output:

****** Xilinx hw_server v2017.4
  **** Build date : Dec 15 2017-21:08:27
    ** Copyright 1986-2017 Xilinx, Inc. All Rights Reserved.


open_hw_target
INFO: [Labtoolstcl 44-466] Opening hw_target localhost:3121/xilinx_tcf/Xilinx/1234-tulA
set_property PROGRAM.FILE {C:/Users/Clover/Desktop/CPU-uart/CPU.runs/impl_1/cputop.bit} [get_hw_devices xc7a100t_0]
current_hw_device [get_hw_devices xc7a100t_0]
refresh_hw_device -update_hw_probes false [lindex [get_hw_devices xc7a100t_0] 0]
INFO: [Labtools 27-1434] Device xc7a100t (JTAG device index = 0) is programmed with a design that has no supported debug core(s) in it.
WARNING: [Labtools 27-3361] The debug hub core was not detected.
Resolution: 
1. Make sure the clock connected to the debug hub (dbg_hub) core is a free running clock and is active.
2. Make sure the BSCAN_SWITCH_USER_MASK device property in Vivado Hardware Manager reflects the user scan chain setting in the design and refresh the device.  To determine the user scan chain setting in the design, open the implemented design and use 'get_property C_USER_SCAN_CHAIN [get_debug_cores dbg_hub]'.
For more details on setting the scan chain property, consult the Vivado Debug and Programming User Guide (UG908).
set_property PROBES.FILE {} [get_hw_devices xc7a100t_0]
set_property FULL_PROBES.FILE {} [get_hw_devices xc7a100t_0]
set_property PROGRAM.FILE {C:/Users/Clover/Desktop/CPU-uart/CPU.runs/impl_1/cputop.bit} [get_hw_devices xc7a100t_0]
program_hw_devices [get_hw_devices xc7a100t_0]
INFO: [Labtools 27-3164] End of startup status: HIGH
refresh_hw_device [lindex [get_hw_devices xc7a100t_0] 0]
INFO: [Labtools 27-1434] Device xc7a100t (JTAG device index = 0) is programmed with a design that has no supported debug core(s) in it.
WARNING: [Labtools 27-3361] The debug hub core was not detected.
Resolution: 
1. Make sure the clock connected to the debug hub (dbg_hub) core is a free running clock and is active.
2. Make sure the BSCAN_SWITCH_USER_MASK device property in Vivado Hardware Manager reflects the user scan chain setting in the design and refresh the device.  To determine the user scan chain setting in the design, open the implemented design and use 'get_property C_USER_SCAN_CHAIN [get_debug_cores dbg_hub]'.
For more details on setting the scan chain property, consult the Vivado Debug and Programming User Guide (UG908).
reset_run synth_1
reset_run prgrom_synth_1
launch_runs impl_1 -to_step write_bitstream -jobs 4
INFO: [Vivado 12-4149] The synthesis checkpoint for IP 'C:/Users/Clover/Desktop/CPU-uart/CPU.srcs/sources_1/ip/RAM/RAM.xci' is already up-to-date
INFO: [IP_Flow 19-1686] Generating 'Synthesis' target for IP 'prgrom'...
[Tue May 31 10:27:35 2022] Launched prgrom_synth_1, synth_1...
Run output will be captured here:
prgrom_synth_1: C:/Users/Clover/Desktop/CPU-uart/CPU.runs/prgrom_synth_1/runme.log
synth_1: C:/Users/Clover/Desktop/CPU-uart/CPU.runs/synth_1/runme.log
[Tue May 31 10:27:35 2022] Launched impl_1...
Run output will be captured here: C:/Users/Clover/Desktop/CPU-uart/CPU.runs/impl_1/runme.log
set_property PROBES.FILE {} [get_hw_devices xc7a100t_0]
set_property FULL_PROBES.FILE {} [get_hw_devices xc7a100t_0]
set_property PROGRAM.FILE {C:/Users/Clover/Desktop/CPU-uart/CPU.runs/impl_1/cputop.bit} [get_hw_devices xc7a100t_0]
program_hw_devices [get_hw_devices xc7a100t_0]
INFO: [Labtools 27-3164] End of startup status: HIGH
refresh_hw_device [lindex [get_hw_devices xc7a100t_0] 0]
INFO: [Labtools 27-1434] Device xc7a100t (JTAG device index = 0) is programmed with a design that has no supported debug core(s) in it.
WARNING: [Labtools 27-3361] The debug hub core was not detected.
Resolution: 
1. Make sure the clock connected to the debug hub (dbg_hub) core is a free running clock and is active.
2. Make sure the BSCAN_SWITCH_USER_MASK device property in Vivado Hardware Manager reflects the user scan chain setting in the design and refresh the device.  To determine the user scan chain setting in the design, open the implemented design and use 'get_property C_USER_SCAN_CHAIN [get_debug_cores dbg_hub]'.
For more details on setting the scan chain property, consult the Vivado Debug and Programming User Guide (UG908).
INFO: [Device 21-403] Loading part xc7a100tfgg484-1
WARNING: [IP_Flow 19-4067] Ignoring invalid widget type specified checkbox.Providing a default widget
WARNING: [IP_Flow 19-4067] Ignoring invalid widget type specified checkbox.Providing a default widget
set_property -dict [list CONFIG.Coe_File {C:/Users/Clover/Desktop/CPU-uart/CPU.srcs/syscall1_7led.coe}] [get_ips prgrom]
INFO: [IP_Flow 19-3484] Absolute path of file 'c:/Users/Clover/Desktop/CPU-uart/CPU.srcs/syscall1_7led.coe' provided. It will be converted relative to IP Instance files '../../../syscall1_7led.coe'
generate_target all [get_files  C:/Users/Clover/Desktop/CPU-uart/CPU.srcs/sources_1/ip/prgrom/prgrom.xci]
INFO: [IP_Flow 19-1686] Generating 'Instantiation Template' target for IP 'prgrom'...
INFO: [IP_Flow 19-1686] Generating 'Synthesis' target for IP 'prgrom'...
INFO: [IP_Flow 19-1686] Generating 'Simulation' target for IP 'prgrom'...
INFO: [IP_Flow 19-1686] Generating 'Miscellaneous' target for IP 'prgrom'...
INFO: [IP_Flow 19-1686] Generating 'Change Log' target for IP 'prgrom'...
generate_target: Time (s): cpu = 00:00:03 ; elapsed = 00:00:06 . Memory (MB): peak = 1658.801 ; gain = 0.000
catch { config_ip_cache -export [get_ips -all prgrom] }
export_ip_user_files -of_objects [get_files C:/Users/Clover/Desktop/CPU-uart/CPU.srcs/sources_1/ip/prgrom/prgrom.xci] -no_script -sync -force -quiet
reset_run prgrom_synth_1
launch_runs -jobs 4 prgrom_synth_1
[Tue May 31 12:11:19 2022] Launched prgrom_synth_1...
Run output will be captured here: C:/Users/Clover/Desktop/CPU-uart/CPU.runs/prgrom_synth_1/runme.log
export_simulation -of_objects [get_files C:/Users/Clover/Desktop/CPU-uart/CPU.srcs/sources_1/ip/prgrom/prgrom.xci] -directory C:/Users/Clover/Desktop/CPU-uart/CPU.ip_user_files/sim_scripts -ip_user_files_dir C:/Users/Clover/Desktop/CPU-uart/CPU.ip_user_files -ipstatic_source_dir C:/Users/Clover/Desktop/CPU-uart/CPU.ip_user_files/ipstatic -lib_map_path [list {modelsim=C:/Users/Clover/Desktop/CPU-uart/CPU.cache/compile_simlib/modelsim} {questa=C:/Users/Clover/Desktop/CPU-uart/CPU.cache/compile_simlib/questa} {riviera=C:/Users/Clover/Desktop/CPU-uart/CPU.cache/compile_simlib/riviera} {activehdl=C:/Users/Clover/Desktop/CPU-uart/CPU.cache/compile_simlib/activehdl}] -use_ip_compiled_libs -force -quiet
reset_run synth_1
launch_runs impl_1 -to_step write_bitstream -jobs 4
INFO: [Vivado 12-4149] The synthesis checkpoint for IP 'C:/Users/Clover/Desktop/CPU-uart/CPU.srcs/sources_1/ip/RAM/RAM.xci' is already up-to-date
[Tue May 31 12:15:51 2022] Launched synth_1...
Run output will be captured here: C:/Users/Clover/Desktop/CPU-uart/CPU.runs/synth_1/runme.log
[Tue May 31 12:15:51 2022] Launched impl_1...
Run output will be captured here: C:/Users/Clover/Desktop/CPU-uart/CPU.runs/impl_1/runme.log
set_property PROBES.FILE {} [get_hw_devices xc7a100t_0]
set_property FULL_PROBES.FILE {} [get_hw_devices xc7a100t_0]
set_property PROGRAM.FILE {C:/Users/Clover/Desktop/CPU-uart/CPU.runs/impl_1/cputop.bit} [get_hw_devices xc7a100t_0]
program_hw_devices [get_hw_devices xc7a100t_0]
INFO: [Labtools 27-3164] End of startup status: HIGH
refresh_hw_device [lindex [get_hw_devices xc7a100t_0] 0]
INFO: [Labtools 27-1434] Device xc7a100t (JTAG device index = 0) is programmed with a design that has no supported debug core(s) in it.
WARNING: [Labtools 27-3361] The debug hub core was not detected.
Resolution: 
1. Make sure the clock connected to the debug hub (dbg_hub) core is a free running clock and is active.
2. Make sure the BSCAN_SWITCH_USER_MASK device property in Vivado Hardware Manager reflects the user scan chain setting in the design and refresh the device.  To determine the user scan chain setting in the design, open the implemented design and use 'get_property C_USER_SCAN_CHAIN [get_debug_cores dbg_hub]'.
For more details on setting the scan chain property, consult the Vivado Debug and Programming User Guide (UG908).
ERROR: [Labtoolstcl 44-513] HW Target shutdown. Closing target: localhost:3121/xilinx_tcf/Xilinx/1234-tulA
disconnect_hw_server localhost:3121
connect_hw_server
INFO: [Labtools 27-2285] Connecting to hw_server url TCP:localhost:3121
open_hw_target
INFO: [Labtoolstcl 44-466] Opening hw_target localhost:3121/xilinx_tcf/Xilinx/1234-tulA
set_property PROGRAM.FILE {C:/Users/Clover/Desktop/CPU-uart/CPU.runs/impl_1/cputop.bit} [get_hw_devices xc7a100t_0]
current_hw_device [get_hw_devices xc7a100t_0]
refresh_hw_device -update_hw_probes false [lindex [get_hw_devices xc7a100t_0] 0]
INFO: [Labtools 27-1434] Device xc7a100t (JTAG device index = 0) is programmed with a design that has no supported debug core(s) in it.
WARNING: [Labtools 27-3361] The debug hub core was not detected.
Resolution: 
1. Make sure the clock connected to the debug hub (dbg_hub) core is a free running clock and is active.
2. Make sure the BSCAN_SWITCH_USER_MASK device property in Vivado Hardware Manager reflects the user scan chain setting in the design and refresh the device.  To determine the user scan chain setting in the design, open the implemented design and use 'get_property C_USER_SCAN_CHAIN [get_debug_cores dbg_hub]'.
For more details on setting the scan chain property, consult the Vivado Debug and Programming User Guide (UG908).
set_property PROBES.FILE {} [get_hw_devices xc7a100t_0]
set_property FULL_PROBES.FILE {} [get_hw_devices xc7a100t_0]
set_property PROGRAM.FILE {C:/Users/Clover/Desktop/CPU-uart/CPU.runs/impl_1/cputop.bit} [get_hw_devices xc7a100t_0]
program_hw_devices [get_hw_devices xc7a100t_0]
INFO: [Labtools 27-3164] End of startup status: HIGH
program_hw_devices: Time (s): cpu = 00:00:07 ; elapsed = 00:00:08 . Memory (MB): peak = 1658.801 ; gain = 0.000
refresh_hw_device [lindex [get_hw_devices xc7a100t_0] 0]
INFO: [Labtools 27-1434] Device xc7a100t (JTAG device index = 0) is programmed with a design that has no supported debug core(s) in it.
WARNING: [Labtools 27-3361] The debug hub core was not detected.
Resolution: 
1. Make sure the clock connected to the debug hub (dbg_hub) core is a free running clock and is active.
2. Make sure the BSCAN_SWITCH_USER_MASK device property in Vivado Hardware Manager reflects the user scan chain setting in the design and refresh the device.  To determine the user scan chain setting in the design, open the implemented design and use 'get_property C_USER_SCAN_CHAIN [get_debug_cores dbg_hub]'.
For more details on setting the scan chain property, consult the Vivado Debug and Programming User Guide (UG908).
WARNING: [IP_Flow 19-4067] Ignoring invalid widget type specified checkbox.Providing a default widget
WARNING: [IP_Flow 19-4067] Ignoring invalid widget type specified checkbox.Providing a default widget
set_property -dict [list CONFIG.Coe_File {C:/Users/Clover/Desktop/CPU-uart/CPU.srcs/syscall1_7led.coe}] [get_ips prgrom]
INFO: [IP_Flow 19-3484] Absolute path of file 'c:/Users/Clover/Desktop/CPU-uart/CPU.srcs/syscall1_7led.coe' provided. It will be converted relative to IP Instance files '../../../syscall1_7led.coe'
generate_target all [get_files  C:/Users/Clover/Desktop/CPU-uart/CPU.srcs/sources_1/ip/prgrom/prgrom.xci]
INFO: [IP_Flow 19-1686] Generating 'Instantiation Template' target for IP 'prgrom'...
INFO: [IP_Flow 19-1686] Generating 'Synthesis' target for IP 'prgrom'...
INFO: [IP_Flow 19-1686] Generating 'Simulation' target for IP 'prgrom'...
INFO: [IP_Flow 19-1686] Generating 'Miscellaneous' target for IP 'prgrom'...
INFO: [IP_Flow 19-1686] Generating 'Change Log' target for IP 'prgrom'...
generate_target: Time (s): cpu = 00:00:03 ; elapsed = 00:00:05 . Memory (MB): peak = 1670.289 ; gain = 0.000
catch { config_ip_cache -export [get_ips -all prgrom] }
export_ip_user_files -of_objects [get_files C:/Users/Clover/Desktop/CPU-uart/CPU.srcs/sources_1/ip/prgrom/prgrom.xci] -no_script -sync -force -quiet
reset_run prgrom_synth_1
launch_runs -jobs 4 prgrom_synth_1
[Tue May 31 12:30:29 2022] Launched prgrom_synth_1...
Run output will be captured here: C:/Users/Clover/Desktop/CPU-uart/CPU.runs/prgrom_synth_1/runme.log
export_simulation -of_objects [get_files C:/Users/Clover/Desktop/CPU-uart/CPU.srcs/sources_1/ip/prgrom/prgrom.xci] -directory C:/Users/Clover/Desktop/CPU-uart/CPU.ip_user_files/sim_scripts -ip_user_files_dir C:/Users/Clover/Desktop/CPU-uart/CPU.ip_user_files -ipstatic_source_dir C:/Users/Clover/Desktop/CPU-uart/CPU.ip_user_files/ipstatic -lib_map_path [list {modelsim=C:/Users/Clover/Desktop/CPU-uart/CPU.cache/compile_simlib/modelsim} {questa=C:/Users/Clover/Desktop/CPU-uart/CPU.cache/compile_simlib/questa} {riviera=C:/Users/Clover/Desktop/CPU-uart/CPU.cache/compile_simlib/riviera} {activehdl=C:/Users/Clover/Desktop/CPU-uart/CPU.cache/compile_simlib/activehdl}] -use_ip_compiled_libs -force -quiet
reset_run synth_1
WARNING: [Vivado 12-1017] Problems encountered:
1. Failed to delete one or more files in run directory C:/Users/Clover/Desktop/CPU-uart/CPU.runs/synth_1

launch_runs impl_1 -to_step write_bitstream -jobs 4
INFO: [Vivado 12-4149] The synthesis checkpoint for IP 'C:/Users/Clover/Desktop/CPU-uart/CPU.srcs/sources_1/ip/RAM/RAM.xci' is already up-to-date
[Tue May 31 12:30:50 2022] Launched prgrom_synth_1, synth_1...
Run output will be captured here:
prgrom_synth_1: C:/Users/Clover/Desktop/CPU-uart/CPU.runs/prgrom_synth_1/runme.log
synth_1: C:/Users/Clover/Desktop/CPU-uart/CPU.runs/synth_1/runme.log
[Tue May 31 12:30:51 2022] Launched impl_1...
Run output will be captured here: C:/Users/Clover/Desktop/CPU-uart/CPU.runs/impl_1/runme.log
set_property PROBES.FILE {} [get_hw_devices xc7a100t_0]
set_property FULL_PROBES.FILE {} [get_hw_devices xc7a100t_0]
set_property PROGRAM.FILE {C:/Users/Clover/Desktop/CPU-uart/CPU.runs/impl_1/cputop.bit} [get_hw_devices xc7a100t_0]
program_hw_devices [get_hw_devices xc7a100t_0]
INFO: [Labtools 27-3164] End of startup status: HIGH
refresh_hw_device [lindex [get_hw_devices xc7a100t_0] 0]
INFO: [Labtools 27-1434] Device xc7a100t (JTAG device index = 0) is programmed with a design that has no supported debug core(s) in it.
WARNING: [Labtools 27-3361] The debug hub core was not detected.
Resolution: 
1. Make sure the clock connected to the debug hub (dbg_hub) core is a free running clock and is active.
2. Make sure the BSCAN_SWITCH_USER_MASK device property in Vivado Hardware Manager reflects the user scan chain setting in the design and refresh the device.  To determine the user scan chain setting in the design, open the implemented design and use 'get_property C_USER_SCAN_CHAIN [get_debug_cores dbg_hub]'.
For more details on setting the scan chain property, consult the Vivado Debug and Programming User Guide (UG908).
exit
INFO: [Common 17-206] Exiting Vivado at Tue May 31 12:45:17 2022...
