#-----------------------------------------------------------
# Vivado v2017.4 (64-bit)
# SW Build 2086221 on Fri Dec 15 20:55:39 MST 2017
# IP Build 2085800 on Fri Dec 15 22:25:07 MST 2017
# Start of session at: Wed May 25 10:40:16 2022
# Process ID: 28388
# Current directory: C:/Users/Clover/Desktop/CPU-uart
# Command line: vivado.exe -gui_launcher_event rodinguilauncherevent53756 C:\Users\Clover\Desktop\CPU-uart\CPU.xpr
# Log file: C:/Users/Clover/Desktop/CPU-uart/vivado.log
# Journal file: C:/Users/Clover/Desktop/CPU-uart\vivado.jou
#-----------------------------------------------------------
start_gui
open_project C:/Users/Clover/Desktop/CPU-uart/CPU.xpr
INFO: [Project 1-313] Project file moved from 'D:/Files/Codes/Verilog/CPU' since last save.
Scanning sources...
Finished scanning sources
INFO: [IP_Flow 19-234] Refreshing IP repositories
INFO: [IP_Flow 19-1700] Loaded user IP repository 'c:/Users/Clover/Desktop/CPU-uart/ipcore'.
INFO: [IP_Flow 19-2313] Loaded Vivado IP repository 'C:/Xilinx/Vivado/2017.4/data/ip'.
open_project: Time (s): cpu = 00:00:13 ; elapsed = 00:00:07 . Memory (MB): peak = 773.637 ; gain = 59.078
update_compile_order -fileset sources_1
export_ip_user_files -of_objects  [get_files C:/Users/Clover/Desktop/CPU-uart/CPU.srcs/sources_1/dmem32.coe] -no_script -reset -force -quiet
export_ip_user_files -of_objects  [get_files C:/Users/Clover/Desktop/CPU-uart/CPU.srcs/sources_1/prgmip32.coe] -no_script -reset -force -quiet
remove_files  {C:/Users/Clover/Desktop/CPU-uart/CPU.srcs/sources_1/dmem32.coe C:/Users/Clover/Desktop/CPU-uart/CPU.srcs/sources_1/prgmip32.coe}
file delete -force C:/Users/Clover/Desktop/CPU-uart/CPU.srcs/sources_1/dmem32.coe C:/Users/Clover/Desktop/CPU-uart/CPU.srcs/sources_1/prgmip32.coe
