Copyright 1986-2017 Xilinx, Inc. All Rights Reserved.
----------------------------------------------------------------------------------------------------------------------------------------
| Tool Version     : Vivado v.2017.4 (win64) Build 2086221 Fri Dec 15 20:55:39 MST 2017
| Date             : Wed Jun  1 12:19:54 2022
| Host             : LAPTOP-6E9TDGFI running 64-bit major release  (build 9200)
| Command          : report_power -file cputop_power_routed.rpt -pb cputop_power_summary_routed.pb -rpx cputop_power_routed.rpx
| Design           : cputop
| Device           : xc7a100tfgg484-1
| Design State     : routed
| Grade            : commercial
| Process          : typical
| Characterization : Production
----------------------------------------------------------------------------------------------------------------------------------------

Power Report

Table of Contents
-----------------
1. Summary
1.1 On-Chip Components
1.2 Power Supply Summary
1.3 Confidence Level
2. Settings
2.1 Environment
2.2 Clock Constraints
3. Detailed Reports
3.1 By Hierarchy

1. Summary
----------

+--------------------------+----------------------------------+
| Total On-Chip Power (W)  | 64.139 (Junction temp exceeded!) |
| Design Power Budget (W)  | Unspecified*                     |
| Power Budget Margin (W)  | NA                               |
| Dynamic (W)              | 63.324                           |
| Device Static (W)        | 0.815                            |
| Effective TJA (C/W)      | 2.7                              |
| Max Ambient (C)          | 0.0                              |
| Junction Temperature (C) | 125.0                            |
| Confidence Level         | Low                              |
| Setting File             | ---                              |
| Simulation Activity File | ---                              |
| Design Nets Matched      | NA                               |
+--------------------------+----------------------------------+
* Specify Design Power Budget using, set_operating_conditions -design_power_budget <value in Watts>


1.1 On-Chip Components
----------------------

+-------------------------+-----------+----------+-----------+-----------------+
| On-Chip                 | Power (W) | Used     | Available | Utilization (%) |
+-------------------------+-----------+----------+-----------+-----------------+
| Slice Logic             |    27.058 |     6511 |       --- |             --- |
|   LUT as Logic          |    24.720 |     3518 |     63400 |            5.55 |
|   CARRY4                |     2.179 |      387 |     15850 |            2.44 |
|   F7/F8 Muxes           |     0.076 |      330 |     63400 |            0.52 |
|   Register              |     0.054 |     1592 |    126800 |            1.26 |
|   BUFG                  |     0.029 |        6 |        32 |           18.75 |
|   LUT as Shift Register |    <0.001 |       10 |     19000 |            0.05 |
|   Others                |     0.000 |      130 |       --- |             --- |
| Signals                 |    28.838 |     5627 |       --- |             --- |
| Block RAM               |     1.476 |       29 |       135 |           21.48 |
| PLL                     |     3.412 |        1 |         6 |           16.67 |
| I/O                     |     2.540 |       70 |       285 |           24.56 |
| Static Power            |     0.815 |          |           |                 |
| Total                   |    64.139 |          |           |                 |
+-------------------------+-----------+----------+-----------+-----------------+


1.2 Power Supply Summary
------------------------

+-----------+-------------+-----------+-------------+------------+
| Source    | Voltage (V) | Total (A) | Dynamic (A) | Static (A) |
+-----------+-------------+-----------+-------------+------------+
| Vccint    |       1.000 |    58.409 |      57.838 |      0.572 |
| Vccaux    |       1.800 |     1.812 |       1.719 |      0.093 |
| Vcco33    |       3.300 |     0.691 |       0.687 |      0.004 |
| Vcco25    |       2.500 |     0.000 |       0.000 |      0.000 |
| Vcco18    |       1.800 |     0.000 |       0.000 |      0.000 |
| Vcco15    |       1.500 |     0.000 |       0.000 |      0.000 |
| Vcco135   |       1.350 |     0.000 |       0.000 |      0.000 |
| Vcco12    |       1.200 |     0.000 |       0.000 |      0.000 |
| Vccaux_io |       1.800 |     0.000 |       0.000 |      0.000 |
| Vccbram   |       1.000 |     0.152 |       0.125 |      0.027 |
| MGTAVcc   |       1.000 |     0.000 |       0.000 |      0.000 |
| MGTAVtt   |       1.200 |     0.000 |       0.000 |      0.000 |
| Vccadc    |       1.800 |     0.020 |       0.000 |      0.020 |
+-----------+-------------+-----------+-------------+------------+


1.3 Confidence Level
--------------------

+-----------------------------+------------+--------------------------------------------------------+--------------------------------------------------------------------------------------------------------------------+
| User Input Data             | Confidence | Details                                                | Action                                                                                                             |
+-----------------------------+------------+--------------------------------------------------------+--------------------------------------------------------------------------------------------------------------------+
| Design implementation state | High       | Design is routed                                       |                                                                                                                    |
| Clock nodes activity        | Low        | User specified less than 75% of clocks                 | Provide missing clock activity with a constraint file, simulation results or by editing the "By Clock Domain" view |
| I/O nodes activity          | Low        | More than 75% of inputs are missing user specification | Provide missing input activity with simulation results or by editing the "By Resource Type -> I/Os" view           |
| Internal nodes activity     | Medium     | User specified less than 25% of internal nodes         | Provide missing internal nodes activity with simulation results or by editing the "By Resource Type" views         |
| Device models               | High       | Device models are Production                           |                                                                                                                    |
|                             |            |                                                        |                                                                                                                    |
| Overall confidence level    | Low        |                                                        |                                                                                                                    |
+-----------------------------+------------+--------------------------------------------------------+--------------------------------------------------------------------------------------------------------------------+


2. Settings
-----------

2.1 Environment
---------------

+-----------------------+--------------------------+
| Ambient Temp (C)      | 25.0                     |
| ThetaJA (C/W)         | 2.7                      |
| Airflow (LFM)         | 250                      |
| Heat Sink             | medium (Medium Profile)  |
| ThetaSA (C/W)         | 4.6                      |
| Board Selection       | medium (10"x10")         |
| # of Board Layers     | 12to15 (12 to 15 Layers) |
| Board Temperature (C) | 25.0                     |
+-----------------------+--------------------------+


2.2 Clock Constraints
---------------------

+-------+--------+-----------------+
| Clock | Domain | Constraint (ns) |
+-------+--------+-----------------+


3. Detailed Reports
-------------------

3.1 By Hierarchy
----------------

+---------------------------------------------------------------------------------+-----------+
| Name                                                                            | Power (W) |
+---------------------------------------------------------------------------------+-----------+
| cputop                                                                          |    63.324 |
|   Uart                                                                          |     1.401 |
|     inst                                                                        |     1.401 |
|       upg_inst                                                                  |     1.401 |
|         axi_uart_inst                                                           |     0.298 |
|           U0                                                                    |     0.298 |
|             AXI_LITE_IPIF_I                                                     |     0.097 |
|               I_SLAVE_ATTACHMENT                                                |     0.097 |
|                 I_DECODER                                                       |     0.040 |
|                   MEM_DECODE_GEN[0].PER_CE_GEN[0].MULTIPLE_CES_THIS_CS_GEN.CE_I |    <0.001 |
|                   MEM_DECODE_GEN[0].PER_CE_GEN[2].MULTIPLE_CES_THIS_CS_GEN.CE_I |    <0.001 |
|             UARTLITE_CORE_I                                                     |     0.201 |
|               BAUD_RATE_I                                                       |     0.077 |
|               UARTLITE_RX_I                                                     |     0.042 |
|                 DELAY_16_I                                                      |     0.013 |
|                 INPUT_DOUBLE_REGS3                                              |     0.010 |
|                 SRL_FIFO_I                                                      |     0.011 |
|                   I_SRL_FIFO_RBU_F                                              |     0.011 |
|                     CNTR_INCR_DECR_ADDN_F_I                                     |     0.011 |
|                     DYNSHREG_F_I                                                |    <0.001 |
|               UARTLITE_TX_I                                                     |     0.082 |
|                 MID_START_BIT_SRL16_I                                           |     0.002 |
|                 SRL_FIFO_I                                                      |     0.044 |
|                   I_SRL_FIFO_RBU_F                                              |     0.044 |
|                     CNTR_INCR_DECR_ADDN_F_I                                     |     0.031 |
|                     DYNSHREG_F_I                                                |     0.013 |
|   cpu_clk1                                                                      |     3.528 |
|     inst                                                                        |     3.528 |
|   debounce1                                                                     |     0.097 |
|   exe32                                                                         |     0.429 |
|   id32                                                                          |     6.434 |
|   if32                                                                          |    23.589 |
|     prgrom                                                                      |     3.378 |
|       U0                                                                        |     3.378 |
|         inst_blk_mem_gen                                                        |     3.378 |
|           gnbram.gnativebmg.native_blk_mem_gen                                  |     3.378 |
|             valid.cstr                                                          |     3.378 |
|               bindec_a.bindec_inst_a                                            |     0.016 |
|               has_mux_a.A                                                       |     2.268 |
|               ramloop[0].ram.r                                                  |     0.246 |
|                 prim_init.ram                                                   |     0.246 |
|               ramloop[10].ram.r                                                 |     0.012 |
|                 prim_init.ram                                                   |     0.012 |
|               ramloop[11].ram.r                                                 |     0.086 |
|                 prim_init.ram                                                   |     0.086 |
|               ramloop[12].ram.r                                                 |     0.024 |
|                 prim_init.ram                                                   |     0.024 |
|               ramloop[13].ram.r                                                 |     0.014 |
|                 prim_init.ram                                                   |     0.014 |
|               ramloop[14].ram.r                                                 |    <0.001 |
|                 prim_init.ram                                                   |    <0.001 |
|               ramloop[1].ram.r                                                  |     0.246 |
|                 prim_init.ram                                                   |     0.246 |
|               ramloop[2].ram.r                                                  |     0.203 |
|                 prim_init.ram                                                   |     0.203 |
|               ramloop[3].ram.r                                                  |     0.099 |
|                 prim_init.ram                                                   |     0.099 |
|               ramloop[4].ram.r                                                  |     0.014 |
|                 prim_init.ram                                                   |     0.014 |
|               ramloop[5].ram.r                                                  |     0.016 |
|                 prim_init.ram                                                   |     0.016 |
|               ramloop[6].ram.r                                                  |    <0.001 |
|                 prim_init.ram                                                   |    <0.001 |
|               ramloop[7].ram.r                                                  |     0.102 |
|                 prim_init.ram                                                   |     0.102 |
|               ramloop[8].ram.r                                                  |     0.016 |
|                 prim_init.ram                                                   |     0.016 |
|               ramloop[9].ram.r                                                  |     0.014 |
|                 prim_init.ram                                                   |     0.014 |
|   mem32                                                                         |     1.897 |
|     ram                                                                         |     1.742 |
|       U0                                                                        |     1.742 |
|         inst_blk_mem_gen                                                        |     1.742 |
|           gnbram.gnativebmg.native_blk_mem_gen                                  |     1.742 |
|             valid.cstr                                                          |     1.742 |
|               bindec_a.bindec_inst_a                                            |     0.056 |
|               has_mux_a.A                                                       |     0.528 |
|               ramloop[0].ram.r                                                  |     0.090 |
|                 prim_init.ram                                                   |     0.090 |
|               ramloop[10].ram.r                                                 |     0.040 |
|                 prim_init.ram                                                   |     0.040 |
|               ramloop[11].ram.r                                                 |     0.081 |
|                 prim_init.ram                                                   |     0.081 |
|               ramloop[12].ram.r                                                 |     0.059 |
|                 prim_init.ram                                                   |     0.059 |
|               ramloop[13].ram.r                                                 |     0.058 |
|                 prim_init.ram                                                   |     0.058 |
|               ramloop[14].ram.r                                                 |     0.033 |
|                 prim_init.ram                                                   |     0.033 |
|               ramloop[1].ram.r                                                  |     0.162 |
|                 prim_init.ram                                                   |     0.162 |
|               ramloop[2].ram.r                                                  |     0.167 |
|                 prim_init.ram                                                   |     0.167 |
|               ramloop[3].ram.r                                                  |     0.076 |
|                 prim_init.ram                                                   |     0.076 |
|               ramloop[4].ram.r                                                  |     0.091 |
|                 prim_init.ram                                                   |     0.091 |
|               ramloop[5].ram.r                                                  |     0.085 |
|                 prim_init.ram                                                   |     0.085 |
|               ramloop[6].ram.r                                                  |     0.034 |
|                 prim_init.ram                                                   |     0.034 |
|               ramloop[7].ram.r                                                  |     0.078 |
|                 prim_init.ram                                                   |     0.078 |
|               ramloop[8].ram.r                                                  |     0.050 |
|                 prim_init.ram                                                   |     0.050 |
|               ramloop[9].ram.r                                                  |     0.056 |
|                 prim_init.ram                                                   |     0.056 |
|   seg7                                                                          |    22.644 |
+---------------------------------------------------------------------------------+-----------+


